# JRE version: OpenJDK Runtime Environment Corretto-17.0.11.9.1 (17.0.11+9) (build 17.0.11+9-LTS)
# Java VM: OpenJDK 64-Bit Server VM Corretto-17.0.11.9.1 (17.0.11+9-LTS, mixed mode, sharing, tiered, compressed oops, compressed class ptrs, g1 gc, windows-amd64)
GC Precious Log:
 CPUs: 8 total, 8 available
 Memory: 7975M
 Large Page Support: Disabled
 NUMA Support: Disabled
 Compressed Oops: Enabled (32-bit)
 Heap Region Size: 1M
 Heap Min Capacity: 8M
 Heap Initial Capacity: 126M
 Heap Max Capacity: 1994M
 Pre-touch: Disabled
 Parallel Workers: 8
 Concurrent Workers: 2
 Concurrent Refinement Workers: 8
 Periodic GC: Disabled
Heap:
 garbage-first heap   total 76800K, used 60364K [0x0000000083600000, 0x0000000100000000)
  region size 1024K, 26 young (26624K), 1 survivors (1024K)
 Metaspace       used 75141K, committed 75776K, reserved 1179648K
  class space    used 10129K, committed 10432K, reserved 1048576K
GC Heap History (20 events):
Event: 6.980 GC heap before
{Heap before GC invocations=15 (full 0):
 garbage-first heap   total 58368K, used 46153K [0x0000000083600000, 0x0000000100000000)
  region size 1024K, 21 young (21504K), 3 survivors (3072K)
 Metaspace       used 60888K, committed 61376K, reserved 1114112K
  class space    used 8202K, committed 8448K, reserved 1048576K
}
Event: 6.983 GC heap after
{Heap after GC invocations=16 (full 0):
 garbage-first heap   total 58368K, used 28865K [0x0000000083600000, 0x0000000100000000)
  region size 1024K, 3 young (3072K), 3 survivors (3072K)
 Metaspace       used 60888K, committed 61376K, reserved 1114112K
  class space    used 8202K, committed 8448K, reserved 1048576K
}
Event: 7.202 GC heap before
{Heap before GC invocations=16 (full 0):
 garbage-first heap   total 58368K, used 46273K [0x0000000083600000, 0x0000000100000000)
  region size 1024K, 20 young (20480K), 3 survivors (3072K)
 Metaspace       used 62650K, committed 63232K, reserved 1114112K
  class space    used 8451K, committed 8768K, reserved 1048576K
}
Event: 7.206 GC heap after
{Heap after GC invocations=17 (full 0):
 garbage-first heap   total 58368K, used 30016K [0x0000000083600000, 0x0000000100000000)
  region size 1024K, 3 young (3072K), 3 survivors (3072K)
 Metaspace       used 62650K, committed 63232K, reserved 1114112K
  class space    used 8451K, committed 8768K, reserved 1048576K
}
Event: 7.284 GC heap before
{Heap before GC invocations=18 (full 0):
 garbage-first heap   total 63488K, used 46400K [0x0000000083600000, 0x0000000100000000)
  region size 1024K, 19 young (19456K), 3 survivors (3072K)
 Metaspace       used 62767K, committed 63424K, reserved 1114112K
  class space    used 8462K, committed 8768K, reserved 1048576K
}
Event: 7.286 GC heap after
{Heap after GC invocations=19 (full 0):
 garbage-first heap   total 76800K, used 30334K [0x0000000083600000, 0x0000000100000000)
  region size 1024K, 2 young (2048K), 2 survivors (2048K)
 Metaspace       used 62767K, committed 63424K, reserved 1114112K
  class space    used 8462K, committed 8768K, reserved 1048576K
}
Event: 7.488 GC heap before
{Heap before GC invocations=19 (full 0):
 garbage-first heap   total 76800K, used 62078K [0x0000000083600000, 0x0000000100000000)
  region size 1024K, 33 young (33792K), 2 survivors (2048K)
 Metaspace       used 63347K, committed 63936K, reserved 1114112K
  class space    used 8534K, committed 8832K, reserved 1048576K
}
Event: 7.491 GC heap after
{Heap after GC invocations=20 (full 0):
 garbage-first heap   total 76800K, used 31325K [0x0000000083600000, 0x0000000100000000)
  region size 1024K, 3 young (3072K), 3 survivors (3072K)
 Metaspace       used 63347K, committed 63936K, reserved 1114112K
  class space    used 8534K, committed 8832K, reserved 1048576K
}
Event: 7.973 GC heap before
{Heap before GC invocations=20 (full 0):
 garbage-first heap   total 76800K, used 62045K [0x0000000083600000, 0x0000000100000000)
  region size 1024K, 33 young (33792K), 3 survivors (3072K)
 Metaspace       used 66419K, committed 66944K, reserved 1114112K
  class space    used 8962K, committed 9216K, reserved 1048576K
}
Event: 7.977 GC heap after
{Heap after GC invocations=21 (full 0):
 garbage-first heap   total 76800K, used 33784K [0x0000000083600000, 0x0000000100000000)
  region size 1024K, 5 young (5120K), 5 survivors (5120K)
 Metaspace       used 66419K, committed 66944K, reserved 1114112K
  class space    used 8962K, committed 9216K, reserved 1048576K
}
Event: 21.359 GC heap before
{Heap before GC invocations=21 (full 0):
 garbage-first heap   total 76800K, used 62456K [0x0000000083600000, 0x0000000100000000)
  region size 1024K, 33 young (33792K), 5 survivors (5120K)
 Metaspace       used 69485K, committed 70080K, reserved 1114112K
  class space    used 9400K, committed 9664K, reserved 1048576K
}
Event: 21.366 GC heap after
{Heap after GC invocations=22 (full 0):
 garbage-first heap   total 76800K, used 35971K [0x0000000083600000, 0x0000000100000000)
  region size 1024K, 5 young (5120K), 5 survivors (5120K)
 Metaspace       used 69485K, committed 70080K, reserved 1114112K
  class space    used 9400K, committed 9664K, reserved 1048576K
}
Event: 99.601 GC heap before
{Heap before GC invocations=22 (full 0):
 garbage-first heap   total 76800K, used 61571K [0x0000000083600000, 0x0000000100000000)
  region size 1024K, 31 young (31744K), 5 survivors (5120K)
 Metaspace       used 73865K, committed 74496K, reserved 1114112K
  class space    used 10033K, committed 10304K, reserved 1048576K
}
Event: 99.679 GC heap after
{Heap after GC invocations=23 (full 0):
 garbage-first heap   total 76800K, used 37036K [0x0000000083600000, 0x0000000100000000)
  region size 1024K, 2 young (2048K), 2 survivors (2048K)
 Metaspace       used 73865K, committed 74496K, reserved 1114112K
  class space    used 10033K, committed 10304K, reserved 1048576K
}
Event: 262.254 GC heap before
{Heap before GC invocations=23 (full 0):
 garbage-first heap   total 76800K, used 60588K [0x0000000083600000, 0x0000000100000000)
  region size 1024K, 26 young (26624K), 2 survivors (2048K)
 Metaspace       used 74334K, committed 74944K, reserved 1114112K
  class space    used 10047K, committed 10368K, reserved 1048576K
}
Event: 262.301 GC heap after
{Heap after GC invocations=24 (full 0):
 garbage-first heap   total 76800K, used 37017K [0x0000000083600000, 0x0000000100000000)
  region size 1024K, 2 young (2048K), 2 survivors (2048K)
 Metaspace       used 74334K, committed 74944K, reserved 1114112K
  class space    used 10047K, committed 10368K, reserved 1048576K
}
Event: 546.342 GC heap before
{Heap before GC invocations=25 (full 0):
 garbage-first heap   total 76800K, used 62617K [0x0000000083600000, 0x0000000100000000)
  region size 1024K, 27 young (27648K), 2 survivors (2048K)
 Metaspace       used 74348K, committed 75008K, reserved 1114112K
  class space    used 10047K, committed 10368K, reserved 1048576K
}
Event: 546.396 GC heap after
{Heap after GC invocations=26 (full 0):
 garbage-first heap   total 76800K, used 36894K [0x0000000083600000, 0x0000000100000000)
  region size 1024K, 2 young (2048K), 2 survivors (2048K)
 Metaspace       used 74348K, committed 75008K, reserved 1114112K
  class space    used 10047K, committed 10368K, reserved 1048576K
}
Event: 557.316 GC heap before
{Heap before GC invocations=26 (full 0):
 garbage-first heap   total 76800K, used 37918K [0x0000000083600000, 0x0000000100000000)
  region size 1024K, 3 young (3072K), 2 survivors (2048K)
 Metaspace       used 74348K, committed 75008K, reserved 1114112K
  class space    used 10047K, committed 10368K, reserved 1048576K
}
Event: 557.385 GC heap after
{Heap after GC invocations=27 (full 0):
 garbage-first heap   total 76800K, used 36812K [0x0000000083600000, 0x0000000100000000)
  region size 1024K, 1 young (1024K), 1 survivors (1024K)
 Metaspace       used 74348K, committed 75008K, reserved 1114112K
  class space    used 10047K, committed 10368K, reserved 1048576K
}

